<?xml version="1.0" encoding="UTF-8"?>
<testsuite xmlns:xsi="http://www.w3.org/2001/XMLSchema-instance" xsi:noNamespaceSchemaLocation="https://maven.apache.org/surefire/maven-surefire-plugin/xsd/surefire-test-report-3.0.xsd" version="3.0" name="com.gehlot.StandaloneApplicationTests" time="9.949" tests="1" errors="0" skipped="0" failures="0">
  <properties>
[...]
</properties>
  <testcase name="contextLoads" classname="com.gehlot.StandaloneApplicationTests" time="1.278">
    <system-out><![CDATA[05:09:35.653 [main] INFO org.springframework.test.context.support.AnnotationConfigContextLoaderUtils -- Could not detect default configuration classes for test class [com.gehlot.StandaloneApplicationTests]: StandaloneApplicationTests does not declare any static, non-private, non-final, nested classes annotated with @Configuration.
05:09:35.786 [main] INFO org.springframework.boot.test.context.SpringBootTestContextBootstrapper -- Found @SpringBootConfiguration com.gehlot.StandaloneApplication for test class com.gehlot.StandaloneApplicationTests

  .   ____          _            __ _ _
 /\\ / ___'_ __ _ _(_)_ __  __ _ \ \ \ \
( ( )\___ | '_ | '_| | '_ \/ _` | \ \ \ \
 \\/  ___)| |_)| | | | | || (_| |  ) ) ) )
  '  |____| .__|_| |_|_| |_\__, | / / / /
 =========|_|==============|___/=/_/_/_/
 :: Spring Boot ::                (v3.1.2)

2023-08-07T05:09:36.560+05:30  INFO 10376 --- [           main] com.gehlot.StandaloneApplicationTests    : Starting StandaloneApplicationTests using Java 20.0.1 with PID 10376 (started by 91917 in D:\Rahul\All in 2023\AllinOne2023\springboot\standalone-application)
2023-08-07T05:09:36.560+05:30  INFO 10376 --- [           main] com.gehlot.StandaloneApplicationTests    : No active profile set, falling back to 1 default profile: "default"
2023-08-07T05:09:37.854+05:30  INFO 10376 --- [           main] .s.d.r.c.RepositoryConfigurationDelegate : Bootstrapping Spring Data JPA repositories in DEFAULT mode.
2023-08-07T05:09:37.951+05:30  INFO 10376 --- [           main] .s.d.r.c.RepositoryConfigurationDelegate : Finished Spring Data repository scanning in 74 ms. Found 1 JPA repository interfaces.
2023-08-07T05:09:38.616+05:30  INFO 10376 --- [           main] com.zaxxer.hikari.HikariDataSource       : HikariPool-1 - Starting...
2023-08-07T05:09:38.873+05:30  INFO 10376 --- [           main] com.zaxxer.hikari.pool.HikariPool        : HikariPool-1 - Added connection conn0: url=jdbc:h2:mem:062092eb-0235-4863-a7e8-23072088b64d user=SA
2023-08-07T05:09:38.873+05:30  INFO 10376 --- [           main] com.zaxxer.hikari.HikariDataSource       : HikariPool-1 - Start completed.
2023-08-07T05:09:39.783+05:30  INFO 10376 --- [           main] o.s.o.j.p.SpringPersistenceUnitInfo      : No LoadTimeWeaver setup: ignoring JPA class transformer
2023-08-07T05:09:41.142+05:30  INFO 10376 --- [           main] j.LocalContainerEntityManagerFactoryBean : Initialized JPA EntityManagerFactory for persistence unit 'default'
2023-08-07T05:09:41.790+05:30  WARN 10376 --- [           main] JpaBaseConfiguration$JpaWebConfiguration : spring.jpa.open-in-view is enabled by default. Therefore, database queries may be performed during view rendering. Explicitly configure spring.jpa.open-in-view to disable this warning
2023-08-07T05:09:43.635+05:30  INFO 10376 --- [           main] com.gehlot.StandaloneApplicationTests    : Started StandaloneApplicationTests in 7.606 seconds (process running for 9.699)
]]></system-out>
  </testcase>
</testsuite>